<?xml version="1.0" encoding="UTF-8"?>
<testsuite xmlns:xsi="http://www.w3.org/2001/XMLSchema-instance" xsi:noNamespaceSchemaLocation="https://maven.apache.org/surefire/maven-surefire-plugin/xsd/surefire-test-report.xsd" version="3.0.2" name="Hotel_Reservation.core.ConfigManagerTest" time="0.184" tests="3" errors="0" skipped="0" failures="0">
  <properties>
[...]
</properties>
  <testcase name="returnsConfiguredValuesAndFallbacks" classname="Hotel_Reservation.core.ConfigManagerTest" time="0.099">
    <system-err><![CDATA[Aug 28, 2026 1:24:42 PM Hotel_Reservation.core.ConfigManager loadConfiguration
WARNING: application.properties not found, using defaults
Aug 28, 2026 1:24:42 PM Hotel_Reservation.core.ConfigManager loadConfiguration
WARNING: application.properties not found, using defaults
Aug 28, 2026 1:24:42 PM Hotel_Reservation.core.ConfigManager reload
INFO: Configuration reloaded
Aug 28, 2026 1:24:42 PM Hotel_Reservation.core.ConfigManager getInt
WARNING: Invalid integer config for: invalidNumber
Aug 28, 2026 1:24:42 PM Hotel_Reservation.core.ConfigManager getDouble
WARNING: Invalid double config for: invalidDecimal
]]></system-err>
  </testcase>
  <testcase name="reloadRestoresDefaultsAndToStringIncludesKeySettings" classname="Hotel_Reservation.core.ConfigManagerTest" time="0.015">
    <system-err><![CDATA[Aug 28, 2026 1:24:42 PM Hotel_Reservation.core.ConfigManager loadConfiguration
WARNING: application.properties not found, using defaults
Aug 28, 2026 1:24:42 PM Hotel_Reservation.core.ConfigManager reload
INFO: Configuration reloaded
Aug 28, 2026 1:24:42 PM Hotel_Reservation.core.ConfigManager loadConfiguration
WARNING: application.properties not found, using defaults
Aug 28, 2026 1:24:42 PM Hotel_Reservation.core.ConfigManager reload
INFO: Configuration reloaded
]]></system-err>
  </testcase>
  <testcase name="loadsExpectedDefaultsWhenPropertiesFileIsUnavailable" classname="Hotel_Reservation.core.ConfigManagerTest" time="0.006">
    <system-err><![CDATA[Aug 28, 2026 1:24:42 PM Hotel_Reservation.core.ConfigManager loadConfiguration
WARNING: application.properties not found, using defaults
Aug 28, 2026 1:24:42 PM Hotel_Reservation.core.ConfigManager reload
INFO: Configuration reloaded
]]></system-err>
  </testcase>
</testsuite>